                                 Started job on |	Nov 25 14:32:13
                             Started mapping on |	Nov 25 14:33:28
                                    Finished on |	Nov 25 14:44:09
       Mapping speed, Million of reads per hour |	46.69

                          Number of input reads |	8313802
                      Average input read length |	112
                                    UNIQUE READS:
                   Uniquely mapped reads number |	6503735
                        Uniquely mapped reads % |	78.23%
                          Average mapped length |	111.29
                       Number of splices: Total |	5819445
            Number of splices: Annotated (sjdb) |	5772960
                       Number of splices: GT/AG |	5767587
                       Number of splices: GC/AG |	29558
                       Number of splices: AT/AC |	4048
               Number of splices: Non-canonical |	18252
                      Mismatch rate per base, % |	0.19%
                         Deletion rate per base |	0.07%
                        Deletion average length |	1.12
                        Insertion rate per base |	0.10%
                       Insertion average length |	1.14
                             MULTI-MAPPING READS:
        Number of reads mapped to multiple loci |	1592059
             % of reads mapped to multiple loci |	19.15%
        Number of reads mapped to too many loci |	2306
             % of reads mapped to too many loci |	0.03%
                                  UNMAPPED READS:
  Number of reads unmapped: too many mismatches |	0
       % of reads unmapped: too many mismatches |	0.00%
            Number of reads unmapped: too short |	207926
                 % of reads unmapped: too short |	2.50%
                Number of reads unmapped: other |	7776
                     % of reads unmapped: other |	0.09%
                                  CHIMERIC READS:
                       Number of chimeric reads |	0
                            % of chimeric reads |	0.00%
