                                 Started job on |	Nov 25 12:33:07
                             Started mapping on |	Nov 25 12:33:53
                                    Finished on |	Nov 25 12:40:30
       Mapping speed, Million of reads per hour |	51.30

                          Number of input reads |	5657297
                      Average input read length |	110
                                    UNIQUE READS:
                   Uniquely mapped reads number |	3599189
                        Uniquely mapped reads % |	63.62%
                          Average mapped length |	111.19
                       Number of splices: Total |	3092422
            Number of splices: Annotated (sjdb) |	3069789
                       Number of splices: GT/AG |	3069823
                       Number of splices: GC/AG |	10496
                       Number of splices: AT/AC |	1691
               Number of splices: Non-canonical |	10412
                      Mismatch rate per base, % |	0.22%
                         Deletion rate per base |	0.08%
                        Deletion average length |	1.13
                        Insertion rate per base |	0.10%
                       Insertion average length |	1.17
                             MULTI-MAPPING READS:
        Number of reads mapped to multiple loci |	1919848
             % of reads mapped to multiple loci |	33.94%
        Number of reads mapped to too many loci |	2729
             % of reads mapped to too many loci |	0.05%
                                  UNMAPPED READS:
  Number of reads unmapped: too many mismatches |	0
       % of reads unmapped: too many mismatches |	0.00%
            Number of reads unmapped: too short |	124292
                 % of reads unmapped: too short |	2.20%
                Number of reads unmapped: other |	11239
                     % of reads unmapped: other |	0.20%
                                  CHIMERIC READS:
                       Number of chimeric reads |	0
                            % of chimeric reads |	0.00%
