                                 Started job on |	Nov 25 13:51:17
                             Started mapping on |	Nov 25 13:52:21
                                    Finished on |	Nov 25 14:16:26
       Mapping speed, Million of reads per hour |	41.93

                          Number of input reads |	16828740
                      Average input read length |	113
                                    UNIQUE READS:
                   Uniquely mapped reads number |	13532264
                        Uniquely mapped reads % |	80.41%
                          Average mapped length |	111.70
                       Number of splices: Total |	11965247
            Number of splices: Annotated (sjdb) |	11879411
                       Number of splices: GT/AG |	11854265
                       Number of splices: GC/AG |	65827
                       Number of splices: AT/AC |	10245
               Number of splices: Non-canonical |	34910
                      Mismatch rate per base, % |	0.18%
                         Deletion rate per base |	0.07%
                        Deletion average length |	1.11
                        Insertion rate per base |	0.09%
                       Insertion average length |	1.14
                             MULTI-MAPPING READS:
        Number of reads mapped to multiple loci |	2717746
             % of reads mapped to multiple loci |	16.15%
        Number of reads mapped to too many loci |	7046
             % of reads mapped to too many loci |	0.04%
                                  UNMAPPED READS:
  Number of reads unmapped: too many mismatches |	0
       % of reads unmapped: too many mismatches |	0.00%
            Number of reads unmapped: too short |	548371
                 % of reads unmapped: too short |	3.26%
                Number of reads unmapped: other |	23313
                     % of reads unmapped: other |	0.14%
                                  CHIMERIC READS:
                       Number of chimeric reads |	0
                            % of chimeric reads |	0.00%
