                                 Started job on |	Nov 25 12:08:36
                             Started mapping on |	Nov 25 12:09:23
                                    Finished on |	Nov 25 12:18:25
       Mapping speed, Million of reads per hour |	46.32

                          Number of input reads |	6973553
                      Average input read length |	108
                                    UNIQUE READS:
                   Uniquely mapped reads number |	3744570
                        Uniquely mapped reads % |	53.70%
                          Average mapped length |	110.19
                       Number of splices: Total |	3342740
            Number of splices: Annotated (sjdb) |	3322229
                       Number of splices: GT/AG |	3324074
                       Number of splices: GC/AG |	8961
                       Number of splices: AT/AC |	1442
               Number of splices: Non-canonical |	8263
                      Mismatch rate per base, % |	0.18%
                         Deletion rate per base |	0.07%
                        Deletion average length |	1.13
                        Insertion rate per base |	0.09%
                       Insertion average length |	1.16
                             MULTI-MAPPING READS:
        Number of reads mapped to multiple loci |	3080253
             % of reads mapped to multiple loci |	44.17%
        Number of reads mapped to too many loci |	1444
             % of reads mapped to too many loci |	0.02%
                                  UNMAPPED READS:
  Number of reads unmapped: too many mismatches |	0
       % of reads unmapped: too many mismatches |	0.00%
            Number of reads unmapped: too short |	139551
                 % of reads unmapped: too short |	2.00%
                Number of reads unmapped: other |	7735
                     % of reads unmapped: other |	0.11%
                                  CHIMERIC READS:
                       Number of chimeric reads |	0
                            % of chimeric reads |	0.00%
