                                 Started job on |	Nov 25 14:16:29
                             Started mapping on |	Nov 25 14:17:16
                                    Finished on |	Nov 25 14:23:39
       Mapping speed, Million of reads per hour |	53.18

                          Number of input reads |	5657803
                      Average input read length |	113
                                    UNIQUE READS:
                   Uniquely mapped reads number |	4516040
                        Uniquely mapped reads % |	79.82%
                          Average mapped length |	111.74
                       Number of splices: Total |	3997610
            Number of splices: Annotated (sjdb) |	3968109
                       Number of splices: GT/AG |	3963118
                       Number of splices: GC/AG |	20544
                       Number of splices: AT/AC |	2654
               Number of splices: Non-canonical |	11294
                      Mismatch rate per base, % |	0.19%
                         Deletion rate per base |	0.07%
                        Deletion average length |	1.12
                        Insertion rate per base |	0.10%
                       Insertion average length |	1.15
                             MULTI-MAPPING READS:
        Number of reads mapped to multiple loci |	933093
             % of reads mapped to multiple loci |	16.49%
        Number of reads mapped to too many loci |	2149
             % of reads mapped to too many loci |	0.04%
                                  UNMAPPED READS:
  Number of reads unmapped: too many mismatches |	0
       % of reads unmapped: too many mismatches |	0.00%
            Number of reads unmapped: too short |	199518
                 % of reads unmapped: too short |	3.53%
                Number of reads unmapped: other |	7003
                     % of reads unmapped: other |	0.12%
                                  CHIMERIC READS:
                       Number of chimeric reads |	0
                            % of chimeric reads |	0.00%
