                                 Started job on |	Nov 25 12:40:31
                             Started mapping on |	Nov 25 12:41:19
                                    Finished on |	Nov 25 12:47:29
       Mapping speed, Million of reads per hour |	52.50

                          Number of input reads |	5396234
                      Average input read length |	110
                                    UNIQUE READS:
                   Uniquely mapped reads number |	3528132
                        Uniquely mapped reads % |	65.38%
                          Average mapped length |	110.23
                       Number of splices: Total |	3145651
            Number of splices: Annotated (sjdb) |	3125422
                       Number of splices: GT/AG |	3122741
                       Number of splices: GC/AG |	12990
                       Number of splices: AT/AC |	1494
               Number of splices: Non-canonical |	8426
                      Mismatch rate per base, % |	0.20%
                         Deletion rate per base |	0.08%
                        Deletion average length |	1.13
                        Insertion rate per base |	0.09%
                       Insertion average length |	1.16
                             MULTI-MAPPING READS:
        Number of reads mapped to multiple loci |	1740233
             % of reads mapped to multiple loci |	32.25%
        Number of reads mapped to too many loci |	596
             % of reads mapped to too many loci |	0.01%
                                  UNMAPPED READS:
  Number of reads unmapped: too many mismatches |	0
       % of reads unmapped: too many mismatches |	0.00%
            Number of reads unmapped: too short |	124950
                 % of reads unmapped: too short |	2.32%
                Number of reads unmapped: other |	2323
                     % of reads unmapped: other |	0.04%
                                  CHIMERIC READS:
                       Number of chimeric reads |	0
                            % of chimeric reads |	0.00%
