                                 Started job on |	Nov 25 13:12:47
                             Started mapping on |	Nov 25 13:13:31
                                    Finished on |	Nov 25 13:33:21
       Mapping speed, Million of reads per hour |	42.43

                          Number of input reads |	14024663
                      Average input read length |	113
                                    UNIQUE READS:
                   Uniquely mapped reads number |	10953635
                        Uniquely mapped reads % |	78.10%
                          Average mapped length |	111.22
                       Number of splices: Total |	9633898
            Number of splices: Annotated (sjdb) |	9556239
                       Number of splices: GT/AG |	9549844
                       Number of splices: GC/AG |	49655
                       Number of splices: AT/AC |	7904
               Number of splices: Non-canonical |	26495
                      Mismatch rate per base, % |	0.19%
                         Deletion rate per base |	0.07%
                        Deletion average length |	1.12
                        Insertion rate per base |	0.10%
                       Insertion average length |	1.15
                             MULTI-MAPPING READS:
        Number of reads mapped to multiple loci |	2582739
             % of reads mapped to multiple loci |	18.42%
        Number of reads mapped to too many loci |	3719
             % of reads mapped to too many loci |	0.03%
                                  UNMAPPED READS:
  Number of reads unmapped: too many mismatches |	0
       % of reads unmapped: too many mismatches |	0.00%
            Number of reads unmapped: too short |	474309
                 % of reads unmapped: too short |	3.38%
                Number of reads unmapped: other |	10261
                     % of reads unmapped: other |	0.07%
                                  CHIMERIC READS:
                       Number of chimeric reads |	0
                            % of chimeric reads |	0.00%
