                                 Started job on |	Nov 25 13:40:39
                             Started mapping on |	Nov 25 13:41:24
                                    Finished on |	Nov 25 13:50:31
       Mapping speed, Million of reads per hour |	44.11

                          Number of input reads |	6702931
                      Average input read length |	110
                                    UNIQUE READS:
                   Uniquely mapped reads number |	4144668
                        Uniquely mapped reads % |	61.83%
                          Average mapped length |	111.20
                       Number of splices: Total |	3615062
            Number of splices: Annotated (sjdb) |	3588802
                       Number of splices: GT/AG |	3587834
                       Number of splices: GC/AG |	14396
                       Number of splices: AT/AC |	2821
               Number of splices: Non-canonical |	10011
                      Mismatch rate per base, % |	0.19%
                         Deletion rate per base |	0.07%
                        Deletion average length |	1.12
                        Insertion rate per base |	0.10%
                       Insertion average length |	1.15
                             MULTI-MAPPING READS:
        Number of reads mapped to multiple loci |	2416367
             % of reads mapped to multiple loci |	36.05%
        Number of reads mapped to too many loci |	2757
             % of reads mapped to too many loci |	0.04%
                                  UNMAPPED READS:
  Number of reads unmapped: too many mismatches |	0
       % of reads unmapped: too many mismatches |	0.00%
            Number of reads unmapped: too short |	127661
                 % of reads unmapped: too short |	1.90%
                Number of reads unmapped: other |	11478
                     % of reads unmapped: other |	0.17%
                                  CHIMERIC READS:
                       Number of chimeric reads |	0
                            % of chimeric reads |	0.00%
