                                 Started job on |	Nov 25 12:25:58
                             Started mapping on |	Nov 25 12:27:11
                                    Finished on |	Nov 25 12:33:06
       Mapping speed, Million of reads per hour |	48.05

                          Number of input reads |	4738048
                      Average input read length |	108
                                    UNIQUE READS:
                   Uniquely mapped reads number |	2468486
                        Uniquely mapped reads % |	52.10%
                          Average mapped length |	110.72
                       Number of splices: Total |	2082345
            Number of splices: Annotated (sjdb) |	2069424
                       Number of splices: GT/AG |	2070180
                       Number of splices: GC/AG |	5156
                       Number of splices: AT/AC |	892
               Number of splices: Non-canonical |	6117
                      Mismatch rate per base, % |	0.19%
                         Deletion rate per base |	0.08%
                        Deletion average length |	1.13
                        Insertion rate per base |	0.09%
                       Insertion average length |	1.17
                             MULTI-MAPPING READS:
        Number of reads mapped to multiple loci |	2170340
             % of reads mapped to multiple loci |	45.81%
        Number of reads mapped to too many loci |	2750
             % of reads mapped to too many loci |	0.06%
                                  UNMAPPED READS:
  Number of reads unmapped: too many mismatches |	0
       % of reads unmapped: too many mismatches |	0.00%
            Number of reads unmapped: too short |	82715
                 % of reads unmapped: too short |	1.75%
                Number of reads unmapped: other |	13757
                     % of reads unmapped: other |	0.29%
                                  CHIMERIC READS:
                       Number of chimeric reads |	0
                            % of chimeric reads |	0.00%
