                                 Started job on |	Nov 25 14:23:39
                             Started mapping on |	Nov 25 14:24:25
                                    Finished on |	Nov 25 14:32:11
       Mapping speed, Million of reads per hour |	48.04

                          Number of input reads |	6218240
                      Average input read length |	111
                                    UNIQUE READS:
                   Uniquely mapped reads number |	4550731
                        Uniquely mapped reads % |	73.18%
                          Average mapped length |	110.65
                       Number of splices: Total |	4033374
            Number of splices: Annotated (sjdb) |	4007086
                       Number of splices: GT/AG |	4000481
                       Number of splices: GC/AG |	18600
                       Number of splices: AT/AC |	3517
               Number of splices: Non-canonical |	10776
                      Mismatch rate per base, % |	0.17%
                         Deletion rate per base |	0.06%
                        Deletion average length |	1.12
                        Insertion rate per base |	0.10%
                       Insertion average length |	1.15
                             MULTI-MAPPING READS:
        Number of reads mapped to multiple loci |	1512802
             % of reads mapped to multiple loci |	24.33%
        Number of reads mapped to too many loci |	1974
             % of reads mapped to too many loci |	0.03%
                                  UNMAPPED READS:
  Number of reads unmapped: too many mismatches |	0
       % of reads unmapped: too many mismatches |	0.00%
            Number of reads unmapped: too short |	143505
                 % of reads unmapped: too short |	2.31%
                Number of reads unmapped: other |	9228
                     % of reads unmapped: other |	0.15%
                                  CHIMERIC READS:
                       Number of chimeric reads |	0
                            % of chimeric reads |	0.00%
